<html>
<body>
<pre>
<h1>µVision Build Log</h1>
<h2>Project:</h2>
C:\Users\Harrison\Desktop\Fall 2020 HW Assignments\Embedded Systems\Homework 5 - Keil Template\Lab4.uvproj
Project File Date:  11/21/2016

<h2>Output:</h2>
Build target 'Lab4'
linking...
Program Size: Code=832 RO-data=0 RW-data=0 ZI-data=1024  
".\Lab4.axf" - 0 Error(s), 0 Warning(s).
024  
".\Lab4.axf" - 0 Error(s), 0 Warning(s).
(s).
Target not created
.s(90): warning: A1865W: '#' not seen before constant expression
main.s(90): error: A1137E: Unexpected characters at end of line
main.s(96): warning: A1865W: '#' not seen before constant expression
main.s(96): error: A1137E: Unexpected characters at end of line
".\Lab4.axf" - 3 Error(s), 3 Warning(s).
Target not created
op\Fall 2020 HW Assignments\Embedded Systems\Homework 5 - Keil Template\Lab4.axf'. Debugger aborted !
ssion
main.s(33): warning: A1865W: '#' not seen before constant expression
main.s(34): warning: A1865W: '#' not seen before constant expression
".\Lab4.axf" - 2 Error(s), 8 Warning(s).
Target not created
63E: Unknown opcode R2, , expecting opcode or Macro
main.s(36): error: A1163E: Unknown opcode r3, , expecting opcode or Macro
main.s(37): error: A1163E: Unknown opcode R2, , expecting opcode or Macro
main.s(38): error: A1163E: Unknown opcode R4, , expecting opcode or Macro
main.s(39): error: A1163E: Unknown opcode R5, , expecting opcode or Macro
main.s(40): error: A1163E: Unknown opcode R2, , expecting opcode or Macro
main.s(41): error: A1163E: Unknown opcode R6, , expecting opcode or Macro
main.s(42): error: A1163E: Unknown opcode R7, , expecting opcode or Macro
main.s(43): error: A1163E: Unknown opcode R2, , expecting opcode or Macro
main.s(44): error: A1163E: Unknown opcode LR , expecting opcode or Macro
".\Lab4.axf" - 20 Error(s), 0 Warning(s).
Target not created
